2018-06-30T06:07:18.792Z - normal: Load ~/.CocosCreator/settings.json
2018-06-30T06:07:18.796Z - normal: checking language setting...
2018-06-30T06:07:18.797Z - normal: Language: zh
2018-06-30T06:07:20.396Z - success: protocol editor-framework registered
2018-06-30T06:07:20.396Z - success: protocol app registered
2018-06-30T06:07:20.396Z - success: protocol theme registered
2018-06-30T06:07:20.396Z - success: protocol packages registered
2018-06-30T06:07:20.396Z - success: protocol unpack registerred
2018-06-30T06:07:20.396Z - success: protocol disable-commonjs registerred
2018-06-30T06:07:20.623Z - normal: connected!
2018-06-30T06:07:20.628Z - normal: Check project G:\my_project\web_line
2018-06-30T06:07:20.631Z - normal: Initializing Cocos2d
2018-06-30T06:07:20.800Z - normal: Initializing Asset Database
2018-06-30T06:07:20.844Z - success: protocol uuid registerred
2018-06-30T06:07:20.845Z - success: protocol db registerred
2018-06-30T06:07:20.845Z - success: protocol thumbnail registerred
2018-06-30T06:07:20.845Z - normal: Loading editor/builtin packages
2018-06-30T06:07:20.859Z - success: anysdk loaded
2018-06-30T06:07:20.942Z - success: assets loaded
2018-06-30T06:07:20.944Z - success: builder loaded
2018-06-30T06:07:20.945Z - success: cocos-analytics loaded
2018-06-30T06:07:20.947Z - success: console loaded
2018-06-30T06:07:20.975Z - success: fb-instant-games loaded
2018-06-30T06:07:20.978Z - success: hierarchy loaded
2018-06-30T06:07:20.979Z - success: inspector loaded
2018-06-30T06:07:20.980Z - success: keystore loaded
2018-06-30T06:07:20.981Z - success: node-library loaded
2018-06-30T06:07:20.982Z - success: package-asset loaded
2018-06-30T06:07:20.984Z - success: preferences loaded
2018-06-30T06:07:20.985Z - success: project-exporter loaded
2018-06-30T06:07:21.000Z - success: project-importer loaded
2018-06-30T06:07:21.001Z - success: project-settings loaded
2018-06-30T06:07:21.003Z - success: ui-kit loaded
2018-06-30T06:07:21.004Z - success: ui-grid loaded
2018-06-30T06:07:21.005Z - success: scene loaded
2018-06-30T06:07:21.007Z - success: sprite-editor loaded
2018-06-30T06:07:21.009Z - success: store loaded
2018-06-30T06:07:21.011Z - success: timeline loaded
2018-06-30T06:07:21.012Z - normal: Loading builtin packages
2018-06-30T06:07:21.013Z - success: asset-db-debugger loaded
2018-06-30T06:07:21.015Z - success: code-editor loaded
2018-06-30T06:07:21.015Z - success: color-picker loaded
2018-06-30T06:07:21.016Z - success: package-manager loaded
2018-06-30T06:07:21.017Z - success: qqplay-adapter loaded
2018-06-30T06:07:21.020Z - success: sdkbox loaded
2018-06-30T06:07:21.021Z - success: tester loaded
2018-06-30T06:07:21.022Z - success: ui-kit-preview-extra loaded
2018-06-30T06:07:21.023Z - success: ui-kit-preview loaded
2018-06-30T06:07:21.025Z - success: ui-tree loaded
2018-06-30T06:07:21.025Z - success: weapp-adapter loaded
2018-06-30T06:07:21.807Z - normal: Initializing project G:\my_project\web_line
2018-06-30T06:07:21.813Z - normal: Loading packages
2018-06-30T06:07:21.817Z - normal: Watching packages
2018-06-30T06:07:22.020Z - normal: Run Application
2018-06-30T06:07:22.881Z - success: preview server running at http://localhost:7457
2018-06-30T06:07:25.964Z - normal: 1.9.2
2018-06-30T09:12:32.505Z - normal: Start building with options : {
  "androidStudio": true,
  "apiLevel": "",
  "appABIs": [],
  "appKey": "",
  "appSecret": "",
  "buildPath": "G:\\my_project\\web_line\\build",
  "debug": false,
  "dest": "G:\\my_project\\web_line\\build\\web-mobile",
  "encryptJs": true,
  "excludeScenes": [],
  "excludedModules": [],
  "fb-instant-games": {},
  "includeAnySDK": false,
  "includeEruda": false,
  "includeSDKBox": false,
  "inlineSpriteFrames": true,
  "inlineSpriteFrames_native": true,
  "jailbreakPlatform": false,
  "md5Cache": false,
  "mergeStartScene": false,
  "oauthLoginServer": "",
  "optimizeHotUpdate": false,
  "orientation": {
    "landscapeLeft": true,
    "landscapeRight": true,
    "portrait": false,
    "upsideDown": false
  },
  "packageName": "org.cocos2d.helloworld",
  "platform": "web-mobile",
  "previewHeight": "720",
  "previewWidth": "1280",
  "privateKey": "",
  "qqplay": {
    "REMOTE_SERVER_ROOT": "",
    "orientation": "portrait"
  },
  "renderMode": "0",
  "scenes": [
    "f71fb954-3bcc-4fed-970e-fa1f3da17823",
    "407017fd-66ed-4d33-86e6-5b938bd2acac"
  ],
  "sourceMaps": false,
  "startScene": "f71fb954-3bcc-4fed-970e-fa1f3da17823",
  "template": "link",
  "title": "hello_world",
  "useDebugKeystore": true,
  "vsVersion": "auto",
  "webOrientation": "auto",
  "wechatgame": {
    "REMOTE_SERVER_ROOT": "",
    "appid": "wx6ac3f5090a6b99c5",
    "isSubdomain": false,
    "orientation": "portrait",
    "subContext": ""
  },
  "xxteaKey": "58293c6a-fcf9-4f",
  "zipCompressJs": true,
  "project": "G:\\my_project\\web_line",
  "projectName": "hello_world",
  "debugBuildWorker": false
}
2018-06-30T09:12:32.511Z - normal: Building G:\my_project\web_line
2018-06-30T09:12:32.511Z - normal: Destination G:\my_project\web_line\build\web-mobile
2018-06-30T09:12:32.825Z - normal: Delete G:\my_project\web_line\build\web-mobile\**\*
2018-06-30T09:13:22.499Z - normal: Compiled project javascript file successfully
2018-06-30T09:13:22.500Z - normal: Start building assets
2018-06-30T09:13:22.501Z - normal: Start spawn build-worker
2018-06-30T09:13:23.111Z - normal: Finish spawn build-worker
2018-06-30T09:13:23.112Z - normal: Start init build-worker
2018-06-30T09:13:24.879Z - normal: 1.9.2
2018-06-30T09:13:24.932Z - normal: Finish init build-worker
2018-06-30T09:13:24.932Z - normal: Start build-assets in worker
2018-06-30T09:13:25.361Z - normal: Finish build-assets in worker
2018-06-30T09:13:25.365Z - normal: Finish building assets
2018-06-30T09:13:25.379Z - normal: Start building raw assets
2018-06-30T09:13:25.379Z - normal: Start building plugin scripts
2018-06-30T09:13:25.440Z - normal: Finish building raw assets
2018-06-30T09:13:25.446Z - normal: Generating main.js from E:\CocosCreator\resources\static\build-templates\shares\main.js
2018-06-30T09:13:25.453Z - normal: Generating html from E:\CocosCreator\resources\static\build-templates\web-mobile\template\index.html
2018-06-30T09:13:25.461Z - normal: Built to "G:\my_project\web_line\build\web-mobile" successfully
2018-06-30T09:14:21.416Z - normal: Start building with options : {
  "androidStudio": true,
  "apiLevel": "",
  "appABIs": [],
  "appKey": "",
  "appSecret": "",
  "buildPath": "G:\\my_project\\web_line\\build",
  "debug": false,
  "dest": "G:\\my_project\\web_line\\build\\wechatgame",
  "encryptJs": true,
  "excludeScenes": [],
  "excludedModules": [],
  "fb-instant-games": {},
  "includeAnySDK": false,
  "includeEruda": false,
  "includeSDKBox": false,
  "inlineSpriteFrames": true,
  "inlineSpriteFrames_native": true,
  "jailbreakPlatform": false,
  "md5Cache": false,
  "mergeStartScene": false,
  "oauthLoginServer": "",
  "optimizeHotUpdate": false,
  "orientation": {
    "landscapeLeft": true,
    "landscapeRight": true,
    "portrait": false,
    "upsideDown": false
  },
  "packageName": "org.cocos2d.helloworld",
  "platform": "wechatgame",
  "previewHeight": "720",
  "previewWidth": "1280",
  "privateKey": "",
  "qqplay": {
    "REMOTE_SERVER_ROOT": "",
    "orientation": "portrait"
  },
  "renderMode": "0",
  "scenes": [
    "f71fb954-3bcc-4fed-970e-fa1f3da17823",
    "407017fd-66ed-4d33-86e6-5b938bd2acac"
  ],
  "sourceMaps": false,
  "startScene": "f71fb954-3bcc-4fed-970e-fa1f3da17823",
  "template": "link",
  "title": "hello_world",
  "useDebugKeystore": true,
  "vsVersion": "auto",
  "webOrientation": "auto",
  "wechatgame": {
    "REMOTE_SERVER_ROOT": "",
    "appid": "wx9186237e996b81ad",
    "isSubdomain": false,
    "orientation": "portrait",
    "subContext": ""
  },
  "xxteaKey": "58293c6a-fcf9-4f",
  "zipCompressJs": true,
  "project": "G:\\my_project\\web_line",
  "projectName": "hello_world",
  "debugBuildWorker": false
}
2018-06-30T09:14:21.438Z - normal: Building G:\my_project\web_line
2018-06-30T09:14:21.438Z - normal: Destination G:\my_project\web_line\build\wechatgame
2018-06-30T09:14:21.439Z - normal: Delete G:\my_project\web_line\build\wechatgame\**\*
2018-06-30T09:14:22.970Z - normal: Compiled project javascript file successfully
2018-06-30T09:14:22.970Z - normal: Start building assets
2018-06-30T09:14:22.971Z - normal: Start spawn build-worker
2018-06-30T09:14:23.560Z - normal: Finish spawn build-worker
2018-06-30T09:14:23.560Z - normal: Start init build-worker
2018-06-30T09:14:25.215Z - normal: 1.9.2
2018-06-30T09:14:25.271Z - normal: Finish init build-worker
2018-06-30T09:14:25.271Z - normal: Start build-assets in worker
2018-06-30T09:14:25.627Z - normal: Finish build-assets in worker
2018-06-30T09:14:25.631Z - normal: Finish building assets
2018-06-30T09:14:25.646Z - normal: Start building raw assets
2018-06-30T09:14:25.647Z - normal: Start building plugin scripts
2018-06-30T09:14:25.700Z - normal: Finish building raw assets
2018-06-30T09:14:25.703Z - normal: Generating main.js from E:\CocosCreator\resources\static\build-templates\shares\main.js
2018-06-30T09:14:26.718Z - normal: Built to "G:\my_project\web_line\build\wechatgame" successfully
2018-06-30T09:14:28.635Z - warn: 找不到微信开发程序版本信息路径 [D:\installdir\微信web开发者工具\package.nw\package.json]。
2018-06-30T09:14:28.635Z - warn: 微信开发程序版本过低，不能享用所有功能，请尽快升级。
2018-06-30T09:14:30.155Z - normal: Initializing...

2018-06-30T09:14:30.162Z - normal: idePortFile: C:\Users\Administrator\AppData\Local\微信web开发者工具\User Data\Default\.ide

2018-06-30T09:14:31.177Z - normal: starting ide...

2018-06-30T09:14:36.158Z - normal: IDE server has started, listening on http://127.0.0.1:55989

2018-06-30T09:14:36.172Z - normal: initialization finished

2018-06-30T09:14:36.779Z - normal: open IDE success

2018-06-30T09:15:44.305Z - normal: Start building with options : {
  "androidStudio": true,
  "apiLevel": "",
  "appABIs": [],
  "appKey": "",
  "appSecret": "",
  "buildPath": "G:\\my_project\\web_line\\build",
  "debug": false,
  "dest": "G:\\my_project\\web_line\\build\\wechatgame",
  "encryptJs": true,
  "excludeScenes": [],
  "excludedModules": [],
  "fb-instant-games": {},
  "includeAnySDK": false,
  "includeEruda": false,
  "includeSDKBox": false,
  "inlineSpriteFrames": true,
  "inlineSpriteFrames_native": true,
  "jailbreakPlatform": false,
  "md5Cache": false,
  "mergeStartScene": false,
  "oauthLoginServer": "",
  "optimizeHotUpdate": false,
  "orientation": {
    "landscapeLeft": true,
    "landscapeRight": true,
    "portrait": false,
    "upsideDown": false
  },
  "packageName": "org.cocos2d.helloworld",
  "platform": "wechatgame",
  "previewHeight": "720",
  "previewWidth": "1280",
  "privateKey": "",
  "qqplay": {
    "REMOTE_SERVER_ROOT": "",
    "orientation": "portrait"
  },
  "renderMode": "0",
  "scenes": [
    "f71fb954-3bcc-4fed-970e-fa1f3da17823",
    "407017fd-66ed-4d33-86e6-5b938bd2acac"
  ],
  "sourceMaps": false,
  "startScene": "f71fb954-3bcc-4fed-970e-fa1f3da17823",
  "template": "link",
  "title": "hello_world",
  "useDebugKeystore": true,
  "vsVersion": "auto",
  "webOrientation": "auto",
  "wechatgame": {
    "REMOTE_SERVER_ROOT": "",
    "appid": "wx9186237e996b81ad",
    "isSubdomain": false,
    "orientation": "portrait",
    "subContext": ""
  },
  "xxteaKey": "58293c6a-fcf9-4f",
  "zipCompressJs": true,
  "project": "G:\\my_project\\web_line",
  "projectName": "hello_world",
  "debugBuildWorker": false
}
2018-06-30T09:15:44.316Z - normal: Building G:\my_project\web_line
2018-06-30T09:15:44.316Z - normal: Destination G:\my_project\web_line\build\wechatgame
2018-06-30T09:15:44.319Z - normal: Delete G:\my_project\web_line\build\wechatgame\**\*
2018-06-30T09:15:46.204Z - normal: Compiled project javascript file successfully
2018-06-30T09:15:46.204Z - normal: Start building assets
2018-06-30T09:15:46.204Z - normal: Start spawn build-worker
2018-06-30T09:15:46.825Z - normal: Finish spawn build-worker
2018-06-30T09:15:46.825Z - normal: Start init build-worker
2018-06-30T09:15:48.576Z - normal: 1.9.2
2018-06-30T09:15:48.631Z - normal: Finish init build-worker
2018-06-30T09:15:48.631Z - normal: Start build-assets in worker
2018-06-30T09:15:49.109Z - normal: Finish build-assets in worker
2018-06-30T09:15:49.115Z - normal: Finish building assets
2018-06-30T09:15:49.135Z - normal: Start building raw assets
2018-06-30T09:15:49.135Z - normal: Start building plugin scripts
2018-06-30T09:15:49.198Z - normal: Finish building raw assets
2018-06-30T09:15:49.202Z - normal: Generating main.js from E:\CocosCreator\resources\static\build-templates\shares\main.js
2018-06-30T09:15:50.300Z - normal: Built to "G:\my_project\web_line\build\wechatgame" successfully
2018-06-30T09:18:53.632Z - normal: Start building with options : {
  "androidStudio": true,
  "apiLevel": "",
  "appABIs": [],
  "appKey": "",
  "appSecret": "",
  "buildPath": "G:\\my_project\\web_line\\build",
  "debug": false,
  "dest": "G:\\my_project\\web_line\\build\\wechatgame",
  "encryptJs": true,
  "excludeScenes": [],
  "excludedModules": [],
  "fb-instant-games": {},
  "includeAnySDK": false,
  "includeEruda": false,
  "includeSDKBox": false,
  "inlineSpriteFrames": true,
  "inlineSpriteFrames_native": true,
  "jailbreakPlatform": false,
  "md5Cache": false,
  "mergeStartScene": false,
  "oauthLoginServer": "",
  "optimizeHotUpdate": false,
  "orientation": {
    "landscapeLeft": true,
    "landscapeRight": true,
    "portrait": false,
    "upsideDown": false
  },
  "packageName": "org.cocos2d.helloworld",
  "platform": "wechatgame",
  "previewHeight": "720",
  "previewWidth": "1280",
  "privateKey": "",
  "qqplay": {
    "REMOTE_SERVER_ROOT": "",
    "orientation": "portrait"
  },
  "renderMode": "0",
  "scenes": [
    "f71fb954-3bcc-4fed-970e-fa1f3da17823",
    "407017fd-66ed-4d33-86e6-5b938bd2acac"
  ],
  "sourceMaps": false,
  "startScene": "f71fb954-3bcc-4fed-970e-fa1f3da17823",
  "template": "link",
  "title": "hello_world",
  "useDebugKeystore": true,
  "vsVersion": "auto",
  "webOrientation": "auto",
  "wechatgame": {
    "REMOTE_SERVER_ROOT": "",
    "appid": "wx9186237e996b81ad",
    "isSubdomain": false,
    "orientation": "portrait",
    "subContext": ""
  },
  "xxteaKey": "58293c6a-fcf9-4f",
  "zipCompressJs": true,
  "project": "G:\\my_project\\web_line",
  "projectName": "hello_world",
  "debugBuildWorker": false
}
2018-06-30T09:18:53.635Z - normal: Building G:\my_project\web_line
2018-06-30T09:18:53.635Z - normal: Destination G:\my_project\web_line\build\wechatgame
2018-06-30T09:18:53.636Z - normal: Delete G:\my_project\web_line\build\wechatgame\**\*
2018-06-30T09:18:55.480Z - normal: Compiled project javascript file successfully
2018-06-30T09:18:55.480Z - normal: Start building assets
2018-06-30T09:18:55.480Z - normal: Start spawn build-worker
2018-06-30T09:18:56.106Z - normal: Finish spawn build-worker
2018-06-30T09:18:56.106Z - normal: Start init build-worker
2018-06-30T09:18:57.828Z - normal: 1.9.2
2018-06-30T09:18:57.879Z - normal: Finish init build-worker
2018-06-30T09:18:57.879Z - normal: Start build-assets in worker
2018-06-30T09:18:58.368Z - normal: Finish build-assets in worker
2018-06-30T09:18:58.377Z - normal: Finish building assets
2018-06-30T09:18:58.395Z - normal: Start building raw assets
2018-06-30T09:18:58.396Z - normal: Start building plugin scripts
2018-06-30T09:18:58.440Z - normal: Finish building raw assets
2018-06-30T09:18:58.448Z - normal: Generating main.js from E:\CocosCreator\resources\static\build-templates\shares\main.js
2018-06-30T09:18:59.486Z - normal: Built to "G:\my_project\web_line\build\wechatgame" successfully
2018-06-30T09:19:02.390Z - warn: 找不到微信开发程序版本信息路径 [D:\installdir\微信web开发者工具\package.nw\package.json]。
2018-06-30T09:19:02.391Z - warn: 微信开发程序版本过低，不能享用所有功能，请尽快升级。
2018-06-30T09:19:02.959Z - normal: Initializing...

2018-06-30T09:19:02.965Z - normal: idePortFile: C:\Users\Administrator\AppData\Local\微信web开发者工具\User Data\Default\.ide

2018-06-30T09:19:02.984Z - normal: IDE server has started, listening on http://127.0.0.1:55989

2018-06-30T09:19:02.985Z - normal: initialization finished

2018-06-30T09:19:03.172Z - normal: open IDE success

2018-06-30T09:21:14.453Z - normal: Start building with options : {
  "androidStudio": true,
  "apiLevel": "",
  "appABIs": [],
  "appKey": "",
  "appSecret": "",
  "buildPath": "G:\\my_project\\web_line\\build",
  "debug": false,
  "dest": "G:\\my_project\\web_line\\build\\wechatgame",
  "encryptJs": true,
  "excludeScenes": [],
  "excludedModules": [],
  "fb-instant-games": {},
  "includeAnySDK": false,
  "includeEruda": false,
  "includeSDKBox": false,
  "inlineSpriteFrames": true,
  "inlineSpriteFrames_native": true,
  "jailbreakPlatform": false,
  "md5Cache": false,
  "mergeStartScene": false,
  "oauthLoginServer": "",
  "optimizeHotUpdate": false,
  "orientation": {
    "landscapeLeft": true,
    "landscapeRight": true,
    "portrait": false,
    "upsideDown": false
  },
  "packageName": "org.cocos2d.helloworld",
  "platform": "wechatgame",
  "previewHeight": "720",
  "previewWidth": "1280",
  "privateKey": "",
  "qqplay": {
    "REMOTE_SERVER_ROOT": "",
    "orientation": "portrait"
  },
  "renderMode": "0",
  "scenes": [
    "f71fb954-3bcc-4fed-970e-fa1f3da17823",
    "407017fd-66ed-4d33-86e6-5b938bd2acac"
  ],
  "sourceMaps": false,
  "startScene": "f71fb954-3bcc-4fed-970e-fa1f3da17823",
  "template": "link",
  "title": "hello_world",
  "useDebugKeystore": true,
  "vsVersion": "auto",
  "webOrientation": "auto",
  "wechatgame": {
    "REMOTE_SERVER_ROOT": "",
    "appid": "wx9186237e996b81ad",
    "isSubdomain": false,
    "orientation": "portrait",
    "subContext": ""
  },
  "xxteaKey": "58293c6a-fcf9-4f",
  "zipCompressJs": true,
  "project": "G:\\my_project\\web_line",
  "projectName": "hello_world",
  "debugBuildWorker": false
}
2018-06-30T09:21:14.456Z - normal: Building G:\my_project\web_line
2018-06-30T09:21:14.456Z - normal: Destination G:\my_project\web_line\build\wechatgame
2018-06-30T09:21:14.457Z - normal: Delete G:\my_project\web_line\build\wechatgame\**\*
2018-06-30T09:21:16.295Z - normal: Compiled project javascript file successfully
2018-06-30T09:21:16.295Z - normal: Start building assets
2018-06-30T09:21:16.295Z - normal: Start spawn build-worker
2018-06-30T09:21:16.901Z - normal: Finish spawn build-worker
2018-06-30T09:21:16.902Z - normal: Start init build-worker
2018-06-30T09:21:18.661Z - normal: 1.9.2
2018-06-30T09:21:18.716Z - normal: Finish init build-worker
2018-06-30T09:21:18.716Z - normal: Start build-assets in worker
2018-06-30T09:21:19.218Z - normal: Finish build-assets in worker
2018-06-30T09:21:19.224Z - normal: Finish building assets
2018-06-30T09:21:19.241Z - normal: Start building raw assets
2018-06-30T09:21:19.244Z - normal: Start building plugin scripts
2018-06-30T09:21:19.300Z - normal: Finish building raw assets
2018-06-30T09:21:19.305Z - normal: Generating main.js from E:\CocosCreator\resources\static\build-templates\shares\main.js
2018-06-30T09:21:20.749Z - normal: Built to "G:\my_project\web_line\build\wechatgame" successfully
